#
# There is insufficient memory for the Java Runtime Environment to continue.
# Native memory allocation (malloc) failed to allocate 241264 bytes for Chunk::new
# Possible reasons:
#   The system is out of physical RAM or swap space
#   In 32 bit mode, the process size limit was hit
# Possible solutions:
#   Reduce memory load on the system
#   Increase physical memory or swap space
#   Check if swap backing store is full
#   Use 64 bit Java on a 64 bit OS
#   Decrease Java heap size (-Xmx/-Xms)
#   Decrease number of Java threads
#   Decrease Java thread stack sizes (-Xss)
#   Set larger code cache with -XX:ReservedCodeCacheSize=
# This output file may be truncated or incomplete.
#
#  Out of Memory Error (allocation.cpp:390), pid=24984, tid=0x0000000000003f54
#
# JRE version: OpenJDK Runtime Environment (8.0_112-b06) (build 1.8.0_112-release-b06)
# Java VM: OpenJDK 64-Bit Server VM (25.112-b06 mixed mode windows-amd64 compressed oops)
# Failed to write core dump. Minidumps are not enabled by default on client versions of Windows
#

---------------  T H R E A D  ---------------

Current thread (0x00000000155bc000):  JavaThread "C2 CompilerThread0" daemon [_thread_in_native, id=16212, stack(0x0000000016c30000,0x0000000016d30000)]

Stack: [0x0000000016c30000,0x0000000016d30000]
[error occurred during error reporting (printing stack bounds), id 0xc0000005]

Native frames: (J=compiled Java code, j=interpreted, Vv=VM code, C=native code)


Current CompileTask:
C2:   3698 1930       4       com.android.dx.ssa.LocalVariableExtractor::processBlock (383 bytes)


---------------  P R O C E S S  ---------------

Java Threads: ( => current thread )
  0x0000000017238000 JavaThread "pool-2-thread-4" [_thread_in_vm, id=9812, stack(0x0000000017930000,0x0000000017a30000)]
  0x0000000017234800 JavaThread "pool-2-thread-3" [_thread_in_Java, id=22192, stack(0x0000000017830000,0x0000000017930000)]
  0x0000000017231000 JavaThread "pool-2-thread-2" [_thread_in_Java, id=24568, stack(0x0000000017730000,0x0000000017830000)]
  0x0000000017085000 JavaThread "pool-3-thread-1" [_thread_blocked, id=9832, stack(0x0000000017630000,0x0000000017730000)]
  0x0000000017079800 JavaThread "pool-2-thread-1" [_thread_in_Java, id=22392, stack(0x0000000017530000,0x0000000017630000)]
  0x0000000016f58800 JavaThread "Service Thread" daemon [_thread_blocked, id=25424, stack(0x0000000017330000,0x0000000017430000)]
  0x00000000155c1800 JavaThread "C1 CompilerThread2" daemon [_thread_blocked, id=25448, stack(0x0000000016e30000,0x0000000016f30000)]
  0x00000000155be000 JavaThread "C2 CompilerThread1" daemon [_thread_in_native, id=25192, stack(0x0000000016d30000,0x0000000016e30000)]
=>0x00000000155bc000 JavaThread "C2 CompilerThread0" daemon [_thread_in_native, id=16212, stack(0x0000000016c30000,0x0000000016d30000)]
  0x00000000155ba000 JavaThread "Attach Listener" daemon [_thread_blocked, id=1564, stack(0x0000000016b30000,0x0000000016c30000)]
  0x00000000155b9000 JavaThread "Signal Dispatcher" daemon [_thread_blocked, id=22168, stack(0x0000000016a30000,0x0000000016b30000)]
  0x0000000002eec800 JavaThread "Finalizer" daemon [_thread_blocked, id=23632, stack(0x0000000016840000,0x0000000016940000)]
  0x0000000002ee2000 JavaThread "Reference Handler" daemon [_thread_blocked, id=18576, stack(0x0000000016740000,0x0000000016840000)]
  0x0000000002df0800 JavaThread "main" [_thread_in_Java, id=19948, stack(0x0000000002cf0000,0x0000000002df0000)]

Other Threads:
  0x0000000015585800 VMThread [stack: 0x0000000016640000,0x0000000016740000] [id=5472]
  0x000000001561e800 WatcherThread [stack: 0x0000000017430000,0x0000000017530000] [id=9876]

VM state:not at safepoint (normal execution)

VM Mutex/Monitor currently owned by a thread: None

Heap:
 PSYoungGen      total 180736K, used 135325K [0x00000000eab00000, 0x00000000fce00000, 0x0000000100000000)
  eden space 133120K, 68% used [0x00000000eab00000,0x00000000f03f2218,0x00000000f2d00000)
  from space 47616K, 92% used [0x00000000f9f80000,0x00000000fcab53e8,0x00000000fce00000)
  to   space 5120K, 0% used [0x00000000f2d00000,0x00000000f2d00000,0x00000000f3200000)
 ParOldGen       total 119808K, used 75328K [0x00000000c0000000, 0x00000000c7500000, 0x00000000eab00000)
  object space 119808K, 62% used [0x00000000c0000000,0x00000000c4990200,0x00000000c7500000)
 Metaspace       used 5968K, capacity 7088K, committed 7296K, reserved 1056768K
  class space    used 558K, capacity 616K, committed 640K, reserved 1048576K

Card table byte_map: [0x00000000122b0000,0x00000000124c0000] byte_map_base: 0x0000000011cb0000

Marking Bits: (ParMarkBitMap*) 0x0000000062f318f0
 Begin Bits: [0x0000000012a20000, 0x0000000013a20000)
 End Bits:   [0x0000000013a20000, 0x0000000014a20000)

Polling page: 0x0000000002c50000

CodeCache: size=245760Kb used=8508Kb max_used=8531Kb free=237252Kb
 bounds [0x0000000002ef0000, 0x0000000003760000, 0x0000000011ef0000]
 total_blobs=2103 nmethods=1842 adapters=175
 compilation: enabled

Compilation events (10 events):
Event: 3.623 Thread 0x00000000155bc000 nmethod 1917% 0x000000000372e590 code [0x000000000372e780, 0x000000000372f330]
Event: 3.623 Thread 0x00000000155bc000 1930       4       com.android.dx.ssa.LocalVariableExtractor::processBlock (383 bytes)
Event: 3.680 Thread 0x00000000155c1800 1931       2       java.util.TimSort::countRunAndMakeAscending (128 bytes)
Event: 3.681 Thread 0x00000000155c1800 nmethod 1931 0x0000000003721c50 code [0x0000000003721e00, 0x0000000003722368]
Event: 3.681 Thread 0x00000000155c1800 1932       2       java.util.TimSort::binarySort (223 bytes)
Event: 3.681 Thread 0x00000000155c1800 nmethod 1932 0x00000000037200d0 code [0x0000000003720280, 0x0000000003720858]
Event: 3.682 Thread 0x00000000155c1800 1933       2       com.android.dx.dex.file.ClassDefItem::addInstanceField (9 bytes)
Event: 3.682 Thread 0x00000000155c1800 nmethod 1933 0x000000000371f950 code [0x000000000371fae0, 0x000000000371fe18]
Event: 3.682 Thread 0x00000000155c1800 1934       2       com.android.dx.dex.file.ClassDataItem::addInstanceField (24 bytes)
Event: 3.683 Thread 0x00000000155c1800 nmethod 1934 0x0000000003732150 code [0x00000000037322e0, 0x0000000003732638]

GC Heap History (10 events):
Event: 1.478 GC heap before
{Heap before GC invocations=3 (full 0):
 PSYoungGen      total 71680K, used 71669K [0x00000000eab00000, 0x00000000ef600000, 0x0000000100000000)
  eden space 66560K, 100% used [0x00000000eab00000,0x00000000eec00000,0x00000000eec00000)
  from space 5120K, 99% used [0x00000000ef100000,0x00000000ef5fd410,0x00000000ef600000)
  to   space 5120K, 0% used [0x00000000eec00000,0x00000000eec00000,0x00000000ef100000)
 ParOldGen       total 87552K, used 23925K [0x00000000c0000000, 0x00000000c5580000, 0x00000000eab00000)
  object space 87552K, 27% used [0x00000000c0000000,0x00000000c175d6d8,0x00000000c5580000)
 Metaspace       used 5787K, capacity 6960K, committed 7040K, reserved 1056768K
  class space    used 558K, capacity 616K, committed 640K, reserved 1048576K
Event: 1.510 GC heap after
Heap after GC invocations=3 (full 0):
 PSYoungGen      total 71680K, used 5117K [0x00000000eab00000, 0x00000000f3700000, 0x0000000100000000)
  eden space 66560K, 0% used [0x00000000eab00000,0x00000000eab00000,0x00000000eec00000)
  from space 5120K, 99% used [0x00000000eec00000,0x00000000ef0ff6e8,0x00000000ef100000)
  to   space 5120K, 0% used [0x00000000f3200000,0x00000000f3200000,0x00000000f3700000)
 ParOldGen       total 87552K, used 44559K [0x00000000c0000000, 0x00000000c5580000, 0x00000000eab00000)
  object space 87552K, 50% used [0x00000000c0000000,0x00000000c2b83c78,0x00000000c5580000)
 Metaspace       used 5787K, capacity 6960K, committed 7040K, reserved 1056768K
  class space    used 558K, capacity 616K, committed 640K, reserved 1048576K
}
Event: 1.803 GC heap before
{Heap before GC invocations=4 (full 0):
 PSYoungGen      total 71680K, used 71677K [0x00000000eab00000, 0x00000000f3700000, 0x0000000100000000)
  eden space 66560K, 100% used [0x00000000eab00000,0x00000000eec00000,0x00000000eec00000)
  from space 5120K, 99% used [0x00000000eec00000,0x00000000ef0ff6e8,0x00000000ef100000)
  to   space 5120K, 0% used [0x00000000f3200000,0x00000000f3200000,0x00000000f3700000)
 ParOldGen       total 87552K, used 44559K [0x00000000c0000000, 0x00000000c5580000, 0x00000000eab00000)
  object space 87552K, 50% used [0x00000000c0000000,0x00000000c2b83c78,0x00000000c5580000)
 Metaspace       used 5822K, capacity 6960K, committed 7040K, reserved 1056768K
  class space    used 558K, capacity 616K, committed 640K, reserved 1048576K
Event: 1.852 GC heap after
Heap after GC invocations=4 (full 0):
 PSYoungGen      total 138240K, used 5090K [0x00000000eab00000, 0x00000000f3700000, 0x0000000100000000)
  eden space 133120K, 0% used [0x00000000eab00000,0x00000000eab00000,0x00000000f2d00000)
  from space 5120K, 99% used [0x00000000f3200000,0x00000000f36f8980,0x00000000f3700000)
  to   space 5120K, 0% used [0x00000000f2d00000,0x00000000f2d00000,0x00000000f3200000)
 ParOldGen       total 87552K, used 69411K [0x00000000c0000000, 0x00000000c5580000, 0x00000000eab00000)
  object space 87552K, 79% used [0x00000000c0000000,0x00000000c43c8cb0,0x00000000c5580000)
 Metaspace       used 5822K, capacity 6960K, committed 7040K, reserved 1056768K
  class space    used 558K, capacity 616K, committed 640K, reserved 1048576K
}
Event: 1.852 GC heap before
{Heap before GC invocations=5 (full 1):
 PSYoungGen      total 138240K, used 5090K [0x00000000eab00000, 0x00000000f3700000, 0x0000000100000000)
  eden space 133120K, 0% used [0x00000000eab00000,0x00000000eab00000,0x00000000f2d00000)
  from space 5120K, 99% used [0x00000000f3200000,0x00000000f36f8980,0x00000000f3700000)
  to   space 5120K, 0% used [0x00000000f2d00000,0x00000000f2d00000,0x00000000f3200000)
 ParOldGen       total 87552K, used 69411K [0x00000000c0000000, 0x00000000c5580000, 0x00000000eab00000)
  object space 87552K, 79% used [0x00000000c0000000,0x00000000c43c8cb0,0x00000000c5580000)
 Metaspace       used 5822K, capacity 6960K, committed 7040K, reserved 1056768K
  class space    used 558K, capacity 616K, committed 640K, reserved 1048576K
Event: 2.012 GC heap after
Heap after GC invocations=5 (full 1):
 PSYoungGen      total 138240K, used 0K [0x00000000eab00000, 0x00000000f3700000, 0x0000000100000000)
  eden space 133120K, 0% used [0x00000000eab00000,0x00000000eab00000,0x00000000f2d00000)
  from space 5120K, 0% used [0x00000000f3200000,0x00000000f3200000,0x00000000f3700000)
  to   space 5120K, 0% used [0x00000000f2d00000,0x00000000f2d00000,0x00000000f3200000)
 ParOldGen       total 119808K, used 38781K [0x00000000c0000000, 0x00000000c7500000, 0x00000000eab00000)
  object space 119808K, 32% used [0x00000000c0000000,0x00000000c25df5d0,0x00000000c7500000)
 Metaspace       used 5822K, capacity 6960K, committed 7040K, reserved 1056768K
  class space    used 558K, capacity 616K, committed 640K, reserved 1048576K
}
Event: 2.629 GC heap before
{Heap before GC invocations=6 (full 1):
 PSYoungGen      total 138240K, used 133120K [0x00000000eab00000, 0x00000000f3700000, 0x0000000100000000)
  eden space 133120K, 100% used [0x00000000eab00000,0x00000000f2d00000,0x00000000f2d00000)
  from space 5120K, 0% used [0x00000000f3200000,0x00000000f3200000,0x00000000f3700000)
  to   space 5120K, 0% used [0x00000000f2d00000,0x00000000f2d00000,0x00000000f3200000)
 ParOldGen       total 119808K, used 38781K [0x00000000c0000000, 0x00000000c7500000, 0x00000000eab00000)
  object space 119808K, 32% used [0x00000000c0000000,0x00000000c25df5d0,0x00000000c7500000)
 Metaspace       used 5891K, capacity 7024K, committed 7296K, reserved 1056768K
  class space    used 558K, capacity 616K, committed 640K, reserved 1048576K
Event: 2.674 GC heap after
Heap after GC invocations=6 (full 1):
 PSYoungGen      total 138240K, used 5112K [0x00000000eab00000, 0x00000000fce00000, 0x0000000100000000)
  eden space 133120K, 0% used [0x00000000eab00000,0x00000000eab00000,0x00000000f2d00000)
  from space 5120K, 99% used [0x00000000f2d00000,0x00000000f31fe1d8,0x00000000f3200000)
  to   space 47616K, 0% used [0x00000000f9f80000,0x00000000f9f80000,0x00000000fce00000)
 ParOldGen       total 119808K, used 75320K [0x00000000c0000000, 0x00000000c7500000, 0x00000000eab00000)
  object space 119808K, 62% used [0x00000000c0000000,0x00000000c498e200,0x00000000c7500000)
 Metaspace       used 5891K, capacity 7024K, committed 7296K, reserved 1056768K
  class space    used 558K, capacity 616K, committed 640K, reserved 1048576K
}
Event: 3.357 GC heap before
{Heap before GC invocations=7 (full 1):
 PSYoungGen      total 138240K, used 138232K [0x00000000eab00000, 0x00000000fce00000, 0x0000000100000000)
  eden space 133120K, 100% used [0x00000000eab00000,0x00000000f2d00000,0x00000000f2d00000)
  from space 5120K, 99% used [0x00000000f2d00000,0x00000000f31fe1d8,0x00000000f3200000)
  to   space 47616K, 0% used [0x00000000f9f80000,0x00000000f9f80000,0x00000000fce00000)
 ParOldGen       total 119808K, used 75320K [0x00000000c0000000, 0x00000000c7500000, 0x00000000eab00000)
  object space 119808K, 62% used [0x00000000c0000000,0x00000000c498e200,0x00000000c7500000)
 Metaspace       used 5960K, capacity 7088K, committed 7296K, reserved 1056768K
  class space    used 558K, capacity 616K, committed 640K, reserved 1048576K
Event: 3.423 GC heap after
Heap after GC invocations=7 (full 1):
 PSYoungGen      total 180736K, used 44244K [0x00000000eab00000, 0x00000000fce00000, 0x0000000100000000)
  eden space 133120K, 0% used [0x00000000eab00000,0x00000000eab00000,0x00000000f2d00000)
  from space 47616K, 92% used [0x00000000f9f80000,0x00000000fcab53e8,0x00000000fce00000)
  to   space 5120K, 0% used [0x00000000f2d00000,0x00000000f2d00000,0x00000000f3200000)
 ParOldGen       total 119808K, used 75328K [0x00000000c0000000, 0x00000000c7500000, 0x00000000eab00000)
  object space 119808K, 62% used [0x00000000c0000000,0x00000000c4990200,0x00000000c7500000)
 Metaspace       used 5960K, capacity 7088K, committed 7296K, reserved 1056768K
  class space    used 558K, capacity 616K, committed 640K, reserved 1048576K
}

Deoptimization events (10 events):
Event: 2.736 Thread 0x0000000017234800 Uncommon trap: reason=class_check action=maybe_recompile pc=0x000000000356cc18 method=com.android.dx.ssa.SCCP.setLatticeValueTo(IILcom/android/dx/rop/cst/Constant;)Z @ 43
Event: 2.736 Thread 0x0000000017234800 Uncommon trap: reason=class_check action=maybe_recompile pc=0x000000000356cc18 method=com.android.dx.ssa.SCCP.setLatticeValueTo(IILcom/android/dx/rop/cst/Constant;)Z @ 43
Event: 2.736 Thread 0x0000000017234800 Uncommon trap: reason=unstable_if action=reinterpret pc=0x00000000035b8f4c method=com.android.dx.ssa.DeadCodeRemover.isCircularNoSideEffect(ILjava/util/BitSet;)Z @ 9
Event: 2.736 Thread 0x0000000017234800 Uncommon trap: reason=unstable_if action=reinterpret pc=0x00000000035ba390 method=com.android.dx.ssa.DeadCodeRemover.isCircularNoSideEffect(ILjava/util/BitSet;)Z @ 9
Event: 2.743 Thread 0x0000000017234800 Uncommon trap: reason=unstable_if action=reinterpret pc=0x00000000031ebca8 method=com.android.dx.util.IntList.binarysearch(I)I @ 26
Event: 2.748 Thread 0x0000000017231000 Uncommon trap: reason=unstable_if action=reinterpret pc=0x00000000034e5a18 method=com.android.dx.util.BitIntSet.has(I)Z @ 8
Event: 2.830 Thread 0x0000000017231000 Uncommon trap: reason=class_check action=maybe_recompile pc=0x000000000369ab58 method=com.android.dx.ssa.SsaMethod.isRegALocal(Lcom/android/dx/rop/code/RegisterSpec;)Z @ 16
Event: 2.830 Thread 0x0000000017231000 Uncommon trap: reason=class_check action=maybe_recompile pc=0x000000000369ab58 method=com.android.dx.ssa.SsaMethod.isRegALocal(Lcom/android/dx/rop/code/RegisterSpec;)Z @ 16
Event: 2.830 Thread 0x0000000017231000 Uncommon trap: reason=class_check action=maybe_recompile pc=0x000000000369ab58 method=com.android.dx.ssa.SsaMethod.isRegALocal(Lcom/android/dx/rop/code/RegisterSpec;)Z @ 16
Event: 2.830 Thread 0x0000000017231000 Uncommon trap: reason=class_check action=maybe_recompile pc=0x000000000369ab58 method=com.android.dx.ssa.SsaMethod.isRegALocal(Lcom/android/dx/rop/code/RegisterSpec;)Z @ 16

Internal exceptions (5 events):
Event: 0.025 Thread 0x0000000002df0800 Exception <a 'java/lang/NoSuchMethodError': Method sun.misc.Unsafe.defineClass(Ljava/lang/String;[BII)Ljava/lang/Class; name or signature does not match> (0x00000000eab07c78) thrown at [C:\src\android\AOSP-openjdk\external\jetbrains\jdk\hotspot\src\share\vË§|Ô™?
Event: 0.025 Thread 0x0000000002df0800 Exception <a 'java/lang/NoSuchMethodError': Method sun.misc.Unsafe.prefetchRead(Ljava/lang/Object;J)V name or signature does not match> (0x00000000eab07f60) thrown at [C:\src\android\AOSP-openjdk\external\jetbrains\jdk\hotspot\src\share\vm\prims\jni.cpp, lŒã¹qPqú?
Event: 1.653 Thread 0x0000000002df0800 Implicit null exception at 0x00000000032c2d22 to 0x00000000032c2e12
Event: 2.702 Thread 0x0000000017234800 Implicit null exception at 0x00000000032ae578 to 0x00000000032afc3d
Event: 2.702 Thread 0x0000000017234800 Implicit null exception at 0x00000000032c64ed to 0x00000000032c78f1

Events (10 events):
Event: 3.290 Executing VM operation: ParallelGCFailedAllocation
Event: 3.423 Executing VM operation: ParallelGCFailedAllocation done
Event: 3.461 Thread 0x0000000017231000 DEOPT PACKING pc=0x000000000335e525 sp=0x000000001782e8c0
Event: 3.461 Thread 0x0000000017231000 DEOPT UNPACKING pc=0x0000000002f375bf sp=0x000000001782e6f0 mode 0
Event: 3.564 Thread 0x0000000017234800 DEOPT PACKING pc=0x000000000335e525 sp=0x000000001792ea80
Event: 3.564 Thread 0x0000000017234800 DEOPT UNPACKING pc=0x0000000002f375bf sp=0x000000001792e8b0 mode 0
Event: 3.609 Thread 0x0000000017231000 DEOPT PACKING pc=0x000000000335e1c9 sp=0x000000001782e8c0
Event: 3.609 Thread 0x0000000017231000 DEOPT UNPACKING pc=0x0000000002f375bf sp=0x000000001782e6f0 mode 0
Event: 3.686 Thread 0x0000000017079800 DEOPT PACKING pc=0x00000000033b0cdf sp=0x000000001762e300
Event: 3.686 Thread 0x0000000017079800 DEOPT UNPACKING pc=0x0000000002f375bf sp=0x000000001762e110 mode 0


Dynamic libraries:
0x00007ff7f9510000 - 0x00007ff7f9541000 	C:\Program Files\Android\Android Studio\jre\bin\java.exe
0x00007fff8a480000 - 0x00007fff8a65b000 	C:\WINDOWS\SYSTEM32\ntdll.dll
0x00007fff87e00000 - 0x00007fff87eae000 	C:\WINDOWS\System32\KERNEL32.DLL
0x00007fff871b0000 - 0x00007fff873f9000 	C:\WINDOWS\System32\KERNELBASE.dll
0x00007fff88090000 - 0x00007fff88131000 	C:\WINDOWS\System32\ADVAPI32.dll
0x00007fff884e0000 - 0x00007fff8857d000 	C:\WINDOWS\System32\msvcrt.dll
0x00007fff88730000 - 0x00007fff88789000 	C:\WINDOWS\System32\sechost.dll
0x00007fff87b30000 - 0x00007fff87c55000 	C:\WINDOWS\System32\RPCRT4.dll
0x00007fff88320000 - 0x00007fff8846a000 	C:\WINDOWS\System32\USER32.dll
0x00007fff87190000 - 0x00007fff871ae000 	C:\WINDOWS\System32\win32u.dll
0x00007fff87eb0000 - 0x00007fff87ed7000 	C:\WINDOWS\System32\GDI32.dll
0x00007fff87850000 - 0x00007fff879d7000 	C:\WINDOWS\System32\gdi32full.dll
0x00007fff869f0000 - 0x00007fff86a8a000 	C:\WINDOWS\System32\msvcp_win.dll
0x00007fff87750000 - 0x00007fff87846000 	C:\WINDOWS\System32\ucrtbase.dll
0x00007fff76700000 - 0x00007fff76967000 	C:\WINDOWS\WinSxS\amd64_microsoft.windows.common-controls_6595b64144ccf1df_6.0.15063.483_none_26002d27e7c744a2\COMCTL32.dll
0x00007fff89c90000 - 0x00007fff89f89000 	C:\WINDOWS\System32\combase.dll
0x00007fff87400000 - 0x00007fff8746a000 	C:\WINDOWS\System32\bcryptPrimitives.dll
0x00007fff87c60000 - 0x00007fff87c8d000 	C:\WINDOWS\System32\IMM32.DLL
0x0000000062690000 - 0x0000000062762000 	C:\Program Files\Android\Android Studio\jre\jre\bin\msvcr100.dll
0x0000000062770000 - 0x0000000062fac000 	C:\Program Files\Android\Android Studio\jre\jre\bin\server\jvm.dll
0x00007fff88300000 - 0x00007fff88308000 	C:\WINDOWS\System32\PSAPI.DLL
0x00007fff84590000 - 0x00007fff845b3000 	C:\WINDOWS\SYSTEM32\WINMM.dll
0x00007fff84dc0000 - 0x00007fff84dca000 	C:\WINDOWS\SYSTEM32\VERSION.dll
0x00007fff84530000 - 0x00007fff8455b000 	C:\WINDOWS\SYSTEM32\winmmbase.dll
0x00007fff77fa0000 - 0x00007fff77fa9000 	C:\WINDOWS\SYSTEM32\WSOCK32.dll
0x00007fff869a0000 - 0x00007fff869e9000 	C:\WINDOWS\System32\cfgmgr32.dll
0x00007fff88470000 - 0x00007fff884dc000 	C:\WINDOWS\System32\WS2_32.dll
0x00007fff846b0000 - 0x00007fff846bf000 	C:\Program Files\Android\Android Studio\jre\jre\bin\verify.dll
0x00007fff7c350000 - 0x00007fff7c379000 	C:\Program Files\Android\Android Studio\jre\jre\bin\java.dll
0x00007fff80d40000 - 0x00007fff80d56000 	C:\Program Files\Android\Android Studio\jre\jre\bin\zip.dll
0x00007fff88850000 - 0x00007fff89c87000 	C:\WINDOWS\System32\SHELL32.dll
0x00007fff89f90000 - 0x00007fff8a03a000 	C:\WINDOWS\System32\shcore.dll
0x00007fff86a90000 - 0x00007fff87181000 	C:\WINDOWS\System32\windows.storage.dll
0x00007fff881a0000 - 0x00007fff881f1000 	C:\WINDOWS\System32\shlwapi.dll
0x00007fff868f0000 - 0x00007fff86901000 	C:\WINDOWS\System32\kernel.appcore.dll
0x00007fff86910000 - 0x00007fff8695c000 	C:\WINDOWS\System32\powrprof.dll
0x00007fff86980000 - 0x00007fff86995000 	C:\WINDOWS\System32\profapi.dll

VM Arguments:
jvm_args: -Djava.awt.headless=true -Xmx1024M -Dfile.encoding=windows-1252 -Duser.country=US -Duser.language=en -Duser.variant 
java_command: com.android.dx.command.Main --dex --force-jumbo --num-threads=4 --multi-dex --output G:\DB PROJECT\projecttobefinalized\app\build\intermediates\transforms\dex\debug\folders\1000\5\slice_6 G:\DB PROJECT\projecttobefinalized\app\build\intermediates\transforms\instantRunSlicer\debug\folders\1\5\slice_6
java_class_path (initial): C:\Users\hamza\AppData\Local\Android\sdk1\build-tools\25.0.0\lib\dx.jar
Launcher Type: SUN_STANDARD

Environment Variables:
PATH=C:\Program Files (x86)\Common Files\Intel\Shared Libraries\redist\ia32\mpirt;C:\Program Files (x86)\Common Files\Intel\Shared Libraries\redist\ia32\compiler;C:\ProgramData\Oracle\Java\javapath;C:\WINDOWS\system32;C:\WINDOWS;C:\WINDOWS\System32\Wbem;C:\WINDOWS\System32\WindowsPowerShell\v1.0\;C:\Program Files\Microsoft\Web Platform Installer\;C:\Program Files (x86)\Microsoft ASP.NET\ASP.NET Web Pages\v1.0\;C:\Program Files (x86)\Windows Kits\8.0\Windows Performance Toolkit\;C:\Program Files\Microsoft SQL Server\110\Tools\Binn\;C:\Program Files (x86)\Skype\Phone\;C:\Program Files\Git\cmd;C:\Program Files (x86)\AMD\ATI.ACE\Core-Static;C:\Users\hamza\AppData\Local\Microsoft\WindowsApps;C:\Users\hamza\AppData\Local\GitHubDesktop\bin
USERNAME=hamza
OS=Windows_NT
PROCESSOR_IDENTIFIER=Intel64 Family 6 Model 58 Stepping 9, GenuineIntel



---------------  S Y S T E M  ---------------

OS: Windows 10.0 , 64 bit Build 15063 (10.0.15063.296)

CPU:total 4 (2 cores per cpu, 2 threads per core) family 6 model 58 stepping 9, cmov, cx8, fxsr, mmx, sse, sse2, sse3, ssse3, sse4.1, sse4.2, popcnt, avx, aes, clmul, erms, ht, tsc, tscinvbit, tscinv

Memory: 4k page, physical 8319548k(1041228k free), swap 13783664k(8572k free)

vm_info: OpenJDK 64-Bit Server VM (25.112-b06) for windows-amd64 JRE (1.8.0_112-release-b06), built on Dec  8 2016 00:54:26 by "builder" with MS VC++ 10.0 (VS2010)

time: Tue Nov 28 03:30:13 2017
elapsed time: 3 seconds (0d 0h 0m 3s)

